2026-03-17, 19:02:57 - raynest.raynest.raynest               : Running with 7 parallel threads
2026-03-17, 19:02:57 - raynest.raynest.raynest               : Nested samplers: 1
2026-03-17, 19:02:57 - raynest.raynest.raynest               : Ensemble samplers: 6
2026-03-17, 19:02:57 - raynest.raynest.raynest               : Slice samplers: 0
2026-03-17, 19:02:57 - raynest.raynest.raynest               : Hamiltonian samplers: 0
2026-03-17, 19:02:57 - raynest.raynest.raynest               : ray object store size: 1.0 GB
2026-03-17, 19:02:57 - raynest.raynest.raynest               : seed = None was passed. The results will not be reproducible.                                      Set seed = int to have a reproducible sequence.
2026-03-17, 19:07:47 - raynest.nest2pos                      : Computed log_evidences: (np.float64(5899.817641750577),)
2026-03-17, 19:07:47 - raynest.nest2pos                      : Relative weights of input files: [np.float64(1.0)]
2026-03-17, 19:07:47 - raynest.nest2pos                      : Relative weights of input files taking into account their length: [np.float64(1.0)]
2026-03-17, 19:07:47 - raynest.nest2pos                      : Number of input samples: [42716]
2026-03-17, 19:07:47 - raynest.nest2pos                      : Expected number of samples from each input file [8404]
2026-03-17, 19:07:47 - raynest.nest2pos                      : Samples produced: 8404
2026-03-17, 19:07:47 - raynest.nest2pos                      : Computed log_evidences: (np.float64(5899.817641750577),)
2026-03-17, 19:07:47 - raynest.nest2pos                      : Relative weights of input files: [np.float64(1.0)]
2026-03-17, 19:07:47 - raynest.nest2pos                      : Relative weights of input files taking into account their length: [np.float64(1.0)]
2026-03-17, 19:07:47 - raynest.nest2pos                      : Number of input samples: [42716]
2026-03-17, 19:07:47 - raynest.nest2pos                      : Expected number of samples from each input file [8371]
2026-03-17, 19:07:47 - raynest.nest2pos                      : Samples produced: 8371
2026-03-17, 19:07:47 - raynest.raynest.raynest               : Saving output in two_class_output_J/
2026-03-17, 19:07:47 - raynest.raynest.raynest               : Saving plots in two_class_output_J/
2026-03-17, 19:07:56 - raynest.raynest.raynest               : Removing checkpoint file two_class_output_J/checkpoints/nested_sampler_resume_0.pkl
2026-03-17, 19:07:57 - raynest.raynest.raynest               : ray correctly shut down. exiting
