2026-03-17, 16:27:23 - raynest.raynest.raynest               : Running with 4 parallel threads
2026-03-17, 16:27:23 - raynest.raynest.raynest               : Nested samplers: 1
2026-03-17, 16:27:23 - raynest.raynest.raynest               : Ensemble samplers: 3
2026-03-17, 16:27:23 - raynest.raynest.raynest               : Slice samplers: 0
2026-03-17, 16:27:23 - raynest.raynest.raynest               : Hamiltonian samplers: 0
2026-03-17, 16:27:23 - raynest.raynest.raynest               : ray object store size: 1.0 GB
2026-03-17, 16:27:23 - raynest.raynest.raynest               : seed = None was passed. The results will not be reproducible.                                      Set seed = int to have a reproducible sequence.
2026-03-17, 17:43:37 - raynest.raynest.raynest               : Running with 4 parallel threads
2026-03-17, 17:43:37 - raynest.raynest.raynest               : Nested samplers: 1
2026-03-17, 17:43:37 - raynest.raynest.raynest               : Ensemble samplers: 3
2026-03-17, 17:43:37 - raynest.raynest.raynest               : Slice samplers: 0
2026-03-17, 17:43:37 - raynest.raynest.raynest               : Hamiltonian samplers: 0
2026-03-17, 17:43:37 - raynest.raynest.raynest               : ray object store size: 1.0 GB
2026-03-17, 17:43:37 - raynest.raynest.raynest               : seed = None was passed. The results will not be reproducible.                                      Set seed = int to have a reproducible sequence.
2026-03-17, 18:01:34 - raynest.raynest.raynest               : Running with 4 parallel threads
2026-03-17, 18:01:34 - raynest.raynest.raynest               : Nested samplers: 1
2026-03-17, 18:01:34 - raynest.raynest.raynest               : Ensemble samplers: 3
2026-03-17, 18:01:34 - raynest.raynest.raynest               : Slice samplers: 0
2026-03-17, 18:01:34 - raynest.raynest.raynest               : Hamiltonian samplers: 0
2026-03-17, 18:01:34 - raynest.raynest.raynest               : ray object store size: 1.0 GB
2026-03-17, 18:01:34 - raynest.raynest.raynest               : seed = None was passed. The results will not be reproducible.                                      Set seed = int to have a reproducible sequence.
2026-03-17, 18:18:46 - raynest.nest2pos                      : Computed log_evidences: (np.float64(5900.774221880246),)
2026-03-17, 18:18:46 - raynest.nest2pos                      : Relative weights of input files: [np.float64(1.0)]
2026-03-17, 18:18:46 - raynest.nest2pos                      : Relative weights of input files taking into account their length: [np.float64(1.0)]
2026-03-17, 18:18:46 - raynest.nest2pos                      : Number of input samples: [49250]
2026-03-17, 18:18:46 - raynest.nest2pos                      : Expected number of samples from each input file [11046]
2026-03-17, 18:18:46 - raynest.nest2pos                      : Samples produced: 11046
2026-03-17, 18:18:46 - raynest.nest2pos                      : Computed log_evidences: (np.float64(5900.774221880246),)
2026-03-17, 18:18:46 - raynest.nest2pos                      : Relative weights of input files: [np.float64(1.0)]
2026-03-17, 18:18:46 - raynest.nest2pos                      : Relative weights of input files taking into account their length: [np.float64(1.0)]
2026-03-17, 18:18:46 - raynest.nest2pos                      : Number of input samples: [49250]
2026-03-17, 18:18:46 - raynest.nest2pos                      : Expected number of samples from each input file [11080]
2026-03-17, 18:18:46 - raynest.nest2pos                      : Samples produced: 11080
2026-03-17, 18:18:46 - raynest.raynest.raynest               : Saving output in three_class_output/
2026-03-17, 18:18:47 - raynest.raynest.raynest               : Saving plots in three_class_output/
2026-03-17, 18:18:57 - raynest.raynest.raynest               : Removing checkpoint file three_class_output/checkpoints/nested_sampler_resume_0.pkl
2026-03-17, 18:18:59 - raynest.raynest.raynest               : ray correctly shut down. exiting
2026-03-17, 18:44:40 - raynest.raynest.raynest               : Running with 7 parallel threads
2026-03-17, 18:44:40 - raynest.raynest.raynest               : Nested samplers: 1
2026-03-17, 18:44:40 - raynest.raynest.raynest               : Ensemble samplers: 6
2026-03-17, 18:44:40 - raynest.raynest.raynest               : Slice samplers: 0
2026-03-17, 18:44:40 - raynest.raynest.raynest               : Hamiltonian samplers: 0
2026-03-17, 18:44:40 - raynest.raynest.raynest               : ray object store size: 1.0 GB
2026-03-17, 18:44:40 - raynest.raynest.raynest               : seed = None was passed. The results will not be reproducible.                                      Set seed = int to have a reproducible sequence.
2026-03-17, 19:00:26 - raynest.nest2pos                      : Computed log_evidences: (np.float64(5900.716521171294),)
2026-03-17, 19:00:26 - raynest.nest2pos                      : Relative weights of input files: [np.float64(1.0)]
2026-03-17, 19:00:26 - raynest.nest2pos                      : Relative weights of input files taking into account their length: [np.float64(1.0)]
2026-03-17, 19:00:26 - raynest.nest2pos                      : Number of input samples: [49112]
2026-03-17, 19:00:26 - raynest.nest2pos                      : Expected number of samples from each input file [10970]
2026-03-17, 19:00:26 - raynest.nest2pos                      : Samples produced: 10970
2026-03-17, 19:00:26 - raynest.nest2pos                      : Computed log_evidences: (np.float64(5900.716521171294),)
2026-03-17, 19:00:26 - raynest.nest2pos                      : Relative weights of input files: [np.float64(1.0)]
2026-03-17, 19:00:26 - raynest.nest2pos                      : Relative weights of input files taking into account their length: [np.float64(1.0)]
2026-03-17, 19:00:26 - raynest.nest2pos                      : Number of input samples: [49112]
2026-03-17, 19:00:26 - raynest.nest2pos                      : Expected number of samples from each input file [10976]
2026-03-17, 19:00:26 - raynest.nest2pos                      : Samples produced: 10976
2026-03-17, 19:00:26 - raynest.raynest.raynest               : Saving output in three_class_output/
2026-03-17, 19:00:26 - raynest.raynest.raynest               : Saving plots in three_class_output/
2026-03-17, 19:00:36 - raynest.raynest.raynest               : Removing checkpoint file three_class_output/checkpoints/nested_sampler_resume_0.pkl
2026-03-17, 19:00:39 - raynest.raynest.raynest               : ray correctly shut down. exiting
